<?xml version="1.0" encoding="UTF-8"?>
<testng-results skipped="0" failed="0" total="1" passed="1">
  <reporter-output>
  </reporter-output>
  <suite name="Default suite" duration-ms="26475" started-at="2018-09-24T13:14:30Z" finished-at="2018-09-24T13:14:57Z">
    <groups>
    </groups>
    <test name="Default test" duration-ms="26475" started-at="2018-09-24T13:14:30Z" finished-at="2018-09-24T13:14:57Z">
      <class name="com.TestPages.TestLogin">
        <test-method status="PASS" signature="checkValidUser()[pri:0, instance:com.TestPages.TestLogin@56ac3a89]" name="checkValidUser" duration-ms="26412" started-at="2018-09-24T18:44:30Z" finished-at="2018-09-24T18:44:57Z">
          <reporter-output>
          </reporter-output>
        </test-method> <!-- checkValidUser -->
        <test-method status="PASS" signature="closeBrowser()[pri:0, instance:com.TestPages.TestLogin@56ac3a89]" name="closeBrowser" is-config="true" duration-ms="46" started-at="2018-09-24T18:44:57Z" finished-at="2018-09-24T18:44:57Z">
          <reporter-output>
          </reporter-output>
        </test-method> <!-- closeBrowser -->
      </class> <!-- com.TestPages.TestLogin -->
    </test> <!-- Default test -->
  </suite> <!-- Default suite -->
</testng-results>
